<?xml version="1.0" encoding="UTF-8"?>
<!-- Generated by org.testng.reporters.JUnitReportReporter -->
<testsuite skipped="0" hostname="LAPTOP-JF89UMLV" name="TestCases.LoginPageTest" tests="3" failures="0" timestamp="12 Jan 2020 08:04:53 GMT" time="42.175" errors="0">
  <testcase name="loginPageTitleTest" time="10.185" classname="TestCases.LoginPageTest"/>
  <testcase name="verifyImage" time="11.658" classname="TestCases.LoginPageTest"/>
  <testcase name="loginTest" time="20.332" classname="TestCases.LoginPageTest"/>
</testsuite> <!-- TestCases.LoginPageTest -->
